2023-05-08 20:03:55,904 - reveda - ERROR - Error in creating netlist: local variable 'netlistObj' referenced before assignment
2023-05-08 20:04:12,680 - reveda - ERROR - Error in creating netlist: local variable 'netlistObj' referenced before assignment
2023-05-08 22:26:58,863 - reveda - ERROR - Error in creating netlist: 'Logger' object is not callable
2023-05-08 22:33:27,932 - reveda - ERROR - I/O operation on closed file.
2023-05-08 22:33:27,932 - reveda - ERROR - Error in creating netlist: I/O operation on closed file.
2023-05-08 22:34:14,254 - reveda - WARNING - left unconnected:dnet0
2023-05-08 23:16:15,873 - reveda - INFO - Configuration file: /home/eskiyerli/OneDrive_reveda/Projects/RevEDA/reveda.conf exists
2023-05-09 09:48:33,646 - reveda - INFO - Configuration file: C:\Users\eskiye50\OneDrive - Revolution Semiconductor\Projects\RevEDA\reveda.conf exists
2023-05-09 09:48:41,667 - reveda - INFO - Removed Library Path.
2023-05-09 09:48:42,688 - reveda - INFO - Removed Library Path.
2023-05-09 09:48:58,367 - reveda - INFO - Wrote library definition file in C:\Users\eskiye50\OneDrive - Revolution Semiconductor\Projects\RevEDA\library.json
2023-05-09 09:49:22,734 - reveda - ERROR - Error in creating netlist: 'MainWindow' object has no attribute 'threadPool'
2023-05-09 09:49:56,269 - reveda - INFO - Configuration file: C:\Users\eskiye50\OneDrive - Revolution Semiconductor\Projects\RevEDA\reveda.conf exists
2023-05-09 09:50:53,523 - reveda - INFO - Configuration file: C:\Users\eskiye50\OneDrive - Revolution Semiconductor\Projects\RevEDA\reveda.conf exists
2023-05-09 09:53:06,717 - reveda - INFO - Configuration file: C:\Users\eskiye50\OneDrive - Revolution Semiconductor\Projects\RevEDA\reveda.conf exists
2023-05-09 09:53:21,115 - reveda - INFO - Netlisting finished.
2023-05-09 11:12:01,546 - reveda - INFO - Configuration file: C:\Users\eskiye50\OneDrive - Revolution Semiconductor\Projects\RevEDA\reveda.conf exists
2023-05-09 11:18:13,817 - reveda - INFO - Netlisting finished.
2023-05-09 22:30:40,090 - reveda - INFO - Configuration file: /home/eskiyerli/OneDrive_reveda/Projects/revedaRelease/reveda.conf exists
2023-05-09 22:30:57,206 - reveda - INFO - Wrote library definition file in /home/eskiyerli/OneDrive_reveda/Projects/revedaRelease/library.json
2023-05-09 22:31:10,010 - reveda - INFO - Wrote library definition file in /home/eskiyerli/OneDrive_reveda/Projects/revedaRelease/library.json
2023-05-09 22:31:29,540 - reveda - INFO - Netlisting finished.
